Example app listening on port 3000!
{ provider: 
   { name: 'Counter-Strike: Global Offensive',
     appid: 730,
     version: 13584,
     steamid: '76561198119280967',
     timestamp: 1496787188 },
  map: 
   { mode: 'competitive',
     name: 'de_cbble',
     phase: 'live',
     round: 19,
     team_ct: { score: 8, name: 'Fnatic', flag: 'se', timeouts_remaining: 4 },
     team_t: 
      { score: 11,
        name: 'G2 Esports',
        flag: 'fr',
        timeouts_remaining: 3 } },
  round: { phase: 'live', bomb: 'planted' },
  player: 
   { steamid: '76561197960710573',
     clan: 'G2 Esports',
     name: 'NBK',
     observer_slot: 4,
     team: 'T',
     activity: 'playing',
     state: 
      { health: 100,
        armor: 100,
        helmet: true,
        flashed: 0,
        smoked: 0,
        burning: 0,
        money: 3650,
        round_kills: 0,
        round_killhs: 0,
        equip_value: 4200 },
     weapons: { weapon_0: [Object], weapon_1: [Object], weapon_2: [Object] },
     match_stats: { kills: 21, assists: 6, deaths: 13, mvps: 5, score: 51 } },
  added: { round: { bomb: true }, player: { weapons: [Object] } },
  previously: { player: { state: [Object], weapons: [Object], match_stats: [Object] } },
  auth: { token: 'CCWJu64ZV3JHDT8hZc' } }
{ provider: 
   { name: 'Counter-Strike: Global Offensive',
     appid: 730,
     version: 13584,
     steamid: '76561198119280967',
     timestamp: 1496787229 },
  map: 
   { mode: 'competitive',
     name: 'de_cbble',
     phase: 'live',
     round: 20,
     team_ct: { score: 8, name: 'Fnatic', flag: 'se', timeouts_remaining: 4 },
     team_t: 
      { score: 11,
        name: 'G2 Esports',
        flag: 'fr',
        timeouts_remaining: 3 } },
  round: { phase: 'over', win_team: 'T', bomb: 'exploded' },
  player: 
   { steamid: '76561197960710573',
     clan: 'G2 Esports',
     name: 'NBK',
     observer_slot: 4,
     team: 'T',
     activity: 'playing',
     state: 
      { health: 100,
        armor: 100,
        helmet: true,
        flashed: 0,
        smoked: 0,
        burning: 0,
        money: 7150,
        round_kills: 0,
        round_killhs: 0,
        equip_value: 4200 },
     weapons: { weapon_0: [Object], weapon_1: [Object], weapon_2: [Object] },
     match_stats: { kills: 21, assists: 6, deaths: 13, mvps: 6, score: 53 } },
  previously: 
   { map: { round: 19 },
     round: { phase: 'live', bomb: 'planted' },
     player: { state: [Object], weapons: [Object], match_stats: [Object] } },
  added: { round: { win_team: true } },
  auth: { token: 'CCWJu64ZV3JHDT8hZc' } }
{ provider: 
   { name: 'Counter-Strike: Global Offensive',
     appid: 730,
     version: 13584,
     steamid: '76561198119280967',
     timestamp: 1496787230 },
  map: 
   { mode: 'competitive',
     name: 'de_cbble',
     phase: 'live',
     round: 20,
     team_ct: { score: 8, name: 'Fnatic', flag: 'se', timeouts_remaining: 4 },
     team_t: 
      { score: 12,
        name: 'G2 Esports',
        flag: 'fr',
        timeouts_remaining: 3 } },
  round: { phase: 'over', win_team: 'T', bomb: 'exploded' },
  player: 
   { steamid: '76561197960710573',
     clan: 'G2 Esports',
     name: 'NBK',
     observer_slot: 4,
     team: 'T',
     activity: 'playing',
     state: 
      { health: 100,
        armor: 100,
        helmet: true,
        flashed: 0,
        smoked: 0,
        burning: 0,
        money: 7150,
        round_kills: 0,
        round_killhs: 0,
        equip_value: 4200 },
     weapons: { weapon_0: [Object], weapon_1: [Object], weapon_2: [Object] },
     match_stats: { kills: 21, assists: 6, deaths: 13, mvps: 6, score: 53 } },
  previously: { map: { team_t: [Object] } },
  auth: { token: 'CCWJu64ZV3JHDT8hZc' } }
{ provider: 
   { name: 'Counter-Strike: Global Offensive',
     appid: 730,
     version: 13584,
     steamid: '76561198119280967',
     timestamp: 1496787234 },
  map: 
   { mode: 'competitive',
     name: 'de_cbble',
     phase: 'live',
     round: 20,
     team_ct: { score: 8, name: 'Fnatic', flag: 'se', timeouts_remaining: 4 },
     team_t: 
      { score: 12,
        name: 'G2 Esports',
        flag: 'fr',
        timeouts_remaining: 3 } },
  round: { phase: 'freezetime' },
  player: 
   { steamid: '76561197960710573',
     clan: 'G2 Esports',
     name: 'NBK',
     observer_slot: 4,
     team: 'T',
     activity: 'playing',
     state: 
      { health: 100,
        armor: 100,
        helmet: true,
        flashed: 0,
        smoked: 0,
        burning: 0,
        money: 7150,
        round_kills: 0,
        round_killhs: 0,
        equip_value: 3900 },
     weapons: 
      { weapon_0: [Object],
        weapon_1: [Object],
        weapon_2: [Object],
        weapon_3: [Object] },
     match_stats: { kills: 21, assists: 6, deaths: 13, mvps: 6, score: 53 } },
  previously: 
   { round: { phase: 'over', win_team: 'T', bomb: 'exploded' },
     player: { state: [Object], weapons: [Object] } },
  added: { player: { weapons: [Object] } },
  auth: { token: 'CCWJu64ZV3JHDT8hZc' } }
{ provider: 
   { name: 'Counter-Strike: Global Offensive',
     appid: 730,
     version: 13584,
     steamid: '76561198119280967',
     timestamp: 1496787249 },
  map: 
   { mode: 'competitive',
     name: 'de_cbble',
     phase: 'live',
     round: 20,
     team_ct: { score: 8, name: 'Fnatic', flag: 'se', timeouts_remaining: 4 },
     team_t: 
      { score: 12,
        name: 'G2 Esports',
        flag: 'fr',
        timeouts_remaining: 3 } },
  round: { phase: 'live' },
  player: 
   { steamid: '76561197960710573',
     clan: 'G2 Esports',
     name: 'NBK',
     observer_slot: 4,
     team: 'T',
     activity: 'playing',
     state: 
      { health: 100,
        armor: 100,
        helmet: true,
        flashed: 0,
        smoked: 0,
        burning: 0,
        money: 3250,
        round_kills: 0,
        round_killhs: 0,
        equip_value: 5100 },
     weapons: 
      { weapon_0: [Object],
        weapon_1: [Object],
        weapon_2: [Object],
        weapon_3: [Object],
        weapon_4: [Object],
        weapon_5: [Object],
        weapon_6: [Object],
        weapon_7: [Object] },
     match_stats: { kills: 21, assists: 6, deaths: 13, mvps: 6, score: 53 } },
  previously: 
   { round: { phase: 'freezetime' },
     player: { state: [Object], weapons: [Object] } },
  added: { player: { weapons: [Object] } },
  auth: { token: 'CCWJu64ZV3JHDT8hZc' } }
{ provider: 
   { name: 'Counter-Strike: Global Offensive',
     appid: 730,
     version: 13584,
     steamid: '76561198119280967',
     timestamp: 1496787309 },
  map: 
   { mode: 'competitive',
     name: 'de_cbble',
     phase: 'live',
     round: 20,
     team_ct: { score: 8, name: 'Fnatic', flag: 'se', timeouts_remaining: 4 },
     team_t: 
      { score: 12,
        name: 'G2 Esports',
        flag: 'fr',
        timeouts_remaining: 3 } },
  round: { phase: 'live' },
  player: 
   { steamid: '76561197960710573',
     clan: 'G2 Esports',
     name: 'NBK',
     observer_slot: 4,
     team: 'T',
     activity: 'playing',
     state: 
      { health: 100,
        armor: 100,
        helmet: true,
        flashed: 0,
        smoked: 0,
        burning: 0,
        money: 3250,
        round_kills: 0,
        round_killhs: 0,
        equip_value: 5100 },
     weapons: 
      { weapon_0: [Object],
        weapon_1: [Object],
        weapon_2: [Object],
        weapon_3: [Object],
        weapon_4: [Object],
        weapon_5: [Object],
        weapon_6: [Object] },
     match_stats: { kills: 21, assists: 6, deaths: 13, mvps: 6, score: 53 } },
  previously: { player: { weapons: [Object] } },
  added: { player: { weapons: [Object] } },
  auth: { token: 'CCWJu64ZV3JHDT8hZc' } }
{ provider: 
   { name: 'Counter-Strike: Global Offensive',
     appid: 730,
     version: 13584,
     steamid: '76561198119280967',
     timestamp: 1496787316 },
  map: 
   { mode: 'competitive',
     name: 'de_cbble',
     phase: 'live',
     round: 20,
     team_ct: { score: 8, name: 'Fnatic', flag: 'se', timeouts_remaining: 4 },
     team_t: 
      { score: 12,
        name: 'G2 Esports',
        flag: 'fr',
        timeouts_remaining: 3 } },
  round: { phase: 'live' },
  player: 
   { steamid: '76561197960710573',
     clan: 'G2 Esports',
     name: 'NBK',
     observer_slot: 4,
     team: 'T',
     activity: 'playing',
     state: 
      { health: 0,
        armor: 0,
        helmet: false,
        flashed: 0,
        smoked: 0,
        burning: 0,
        money: 3250,
        round_kills: 0,
        round_killhs: 0,
        equip_value: 5100 },
     weapons: {},
     match_stats: { kills: 21, assists: 6, deaths: 14, mvps: 6, score: 53 } },
  previously: { player: { state: [Object], weapons: [Object], match_stats: [Object] } },
  auth: { token: 'CCWJu64ZV3JHDT8hZc' } }
{ provider: 
   { name: 'Counter-Strike: Global Offensive',
     appid: 730,
     version: 13584,
     steamid: '76561198119280967',
     timestamp: 1496787322 },
  map: 
   { mode: 'competitive',
     name: 'de_cbble',
     phase: 'live',
     round: 21,
     team_ct: { score: 8, name: 'Fnatic', flag: 'se', timeouts_remaining: 4 },
     team_t: 
      { score: 12,
        name: 'G2 Esports',
        flag: 'fr',
        timeouts_remaining: 3 } },
  round: { phase: 'over', win_team: 'T' },
  player: 
   { steamid: '76561197960710573',
     clan: 'G2 Esports',
     name: 'NBK',
     observer_slot: 4,
     team: 'T',
     activity: 'playing',
     state: 
      { health: 0,
        armor: 0,
        helmet: false,
        flashed: 0,
        smoked: 0,
        burning: 0,
        money: 6500,
        round_kills: 0,
        round_killhs: 0,
        equip_value: 5100 },
     weapons: {},
     match_stats: { kills: 21, assists: 6, deaths: 14, mvps: 6, score: 53 } },
  previously: 
   { map: { round: 20 },
     round: { phase: 'live' },
     player: { state: [Object] } },
  added: { round: { win_team: true } },
  auth: { token: 'CCWJu64ZV3JHDT8hZc' } }
{ provider: 
   { name: 'Counter-Strike: Global Offensive',
     appid: 730,
     version: 13584,
     steamid: '76561198119280967',
     timestamp: 1496787322 },
  map: 
   { mode: 'competitive',
     name: 'de_cbble',
     phase: 'live',
     round: 21,
     team_ct: { score: 8, name: 'Fnatic', flag: 'se', timeouts_remaining: 4 },
     team_t: 
      { score: 13,
        name: 'G2 Esports',
        flag: 'fr',
        timeouts_remaining: 3 } },
  round: { phase: 'over', win_team: 'T' },
  player: 
   { steamid: '76561197960710573',
     clan: 'G2 Esports',
     name: 'NBK',
     observer_slot: 4,
     team: 'T',
     activity: 'playing',
     state: 
      { health: 0,
        armor: 0,
        helmet: false,
        flashed: 0,
        smoked: 0,
        burning: 0,
        money: 6500,
        round_kills: 0,
        round_killhs: 0,
        equip_value: 5100 },
     weapons: {},
     match_stats: { kills: 21, assists: 6, deaths: 14, mvps: 6, score: 53 } },
  previously: { map: { team_t: [Object] } },
  auth: { token: 'CCWJu64ZV3JHDT8hZc' } }
{ provider: 
   { name: 'Counter-Strike: Global Offensive',
     appid: 730,
     version: 13584,
     steamid: '76561198119280967',
     timestamp: 1496787327 },
  map: 
   { mode: 'competitive',
     name: 'de_cbble',
     phase: 'live',
     round: 21,
     team_ct: { score: 8, name: 'Fnatic', flag: 'se', timeouts_remaining: 4 },
     team_t: 
      { score: 13,
        name: 'G2 Esports',
        flag: 'fr',
        timeouts_remaining: 3 } },
  round: { phase: 'freezetime' },
  player: 
   { steamid: '76561197960710573',
     clan: 'G2 Esports',
     name: 'NBK',
     observer_slot: 4,
     team: 'T',
     activity: 'playing',
     state: 
      { health: 100,
        armor: 0,
        helmet: false,
        flashed: 0,
        smoked: 0,
        burning: 0,
        money: 6500,
        round_kills: 0,
        round_killhs: 0,
        equip_value: 200 },
     weapons: { weapon_0: [Object], weapon_1: [Object] },
     match_stats: { kills: 21, assists: 6, deaths: 14, mvps: 6, score: 53 } },
  previously: 
   { round: { phase: 'over', win_team: 'T' },
     player: { state: [Object] } },
  added: { player: { weapons: [Object] } },
  auth: { token: 'CCWJu64ZV3JHDT8hZc' } }
{ provider: 
   { name: 'Counter-Strike: Global Offensive',
     appid: 730,
     version: 13584,
     steamid: '76561198119280967',
     timestamp: 1496787342 },
  map: 
   { mode: 'competitive',
     name: 'de_cbble',
     phase: 'live',
     round: 21,
     team_ct: { score: 8, name: 'Fnatic', flag: 'se', timeouts_remaining: 4 },
     team_t: 
      { score: 13,
        name: 'G2 Esports',
        flag: 'fr',
        timeouts_remaining: 3 } },
  round: { phase: 'live' },
  player: 
   { steamid: '76561197960710573',
     clan: 'G2 Esports',
     name: 'NBK',
     observer_slot: 4,
     team: 'T',
     activity: 'playing',
     state: 
      { health: 100,
        armor: 100,
        helmet: true,
        flashed: 0,
        smoked: 0,
        burning: 0,
        money: 1700,
        round_kills: 0,
        round_killhs: 0,
        equip_value: 5000 },
     weapons: 
      { weapon_0: [Object],
        weapon_1: [Object],
        weapon_2: [Object],
        weapon_3: [Object],
        weapon_4: [Object],
        weapon_5: [Object],
        weapon_6: [Object] },
     match_stats: { kills: 21, assists: 6, deaths: 14, mvps: 6, score: 53 } },
  previously: 
   { round: { phase: 'freezetime' },
     player: { state: [Object], weapons: [Object] } },
  added: { player: { weapons: [Object] } },
  auth: { token: 'CCWJu64ZV3JHDT8hZc' } }
